2021/06/24 10:14:20 INFO  - jmeter.util.JMeterUtils: Setting Locale to es_ES 
2021/06/24 10:14:20 INFO  - jmeter.util.JMeterUtils: Could not find resources for 'es_ES', using 'es' 
2021/06/24 10:14:20 INFO  - jmeter.JMeter: Loading user properties from: /usr/share/jmeter/bin/user.properties 
2021/06/24 10:14:20 INFO  - jmeter.JMeter: Loading system properties from: /usr/share/jmeter/bin/system.properties 
2021/06/24 10:14:20 INFO  - jmeter.JMeter: Copyright (c) 1998-2015 The Apache Software Foundation 
2021/06/24 10:14:20 INFO  - jmeter.JMeter: Version 2.13.20180731 
2021/06/24 10:14:20 INFO  - jmeter.JMeter: java.version=11.0.11 
2021/06/24 10:14:20 INFO  - jmeter.JMeter: java.vm.name=OpenJDK 64-Bit Server VM 
2021/06/24 10:14:20 INFO  - jmeter.JMeter: os.name=Linux 
2021/06/24 10:14:20 INFO  - jmeter.JMeter: os.arch=amd64 
2021/06/24 10:14:20 INFO  - jmeter.JMeter: os.version=5.8.0-59-generic 
2021/06/24 10:14:20 INFO  - jmeter.JMeter: file.encoding=UTF-8 
2021/06/24 10:14:20 INFO  - jmeter.JMeter: Default Locale=español (España) 
2021/06/24 10:14:20 INFO  - jmeter.JMeter: JMeter  Locale=español (España) 
2021/06/24 10:14:20 INFO  - jmeter.JMeter: JMeterHome=/usr/share/jmeter 
2021/06/24 10:14:20 INFO  - jmeter.JMeter: user.dir  =/home/java/curso/curso-jvm/labs2 
2021/06/24 10:14:20 INFO  - jmeter.JMeter: PWD       =/home/java/curso/curso-jvm/labs2 
2021/06/24 10:14:20 INFO  - jmeter.JMeter: IP: 127.0.1.1 Name: java-VirtualBox FullName: java-VirtualBox 
2021/06/24 10:14:21 INFO  - jmeter.gui.action.LookAndFeelCommand: Using look and feel: javax.swing.plaf.metal.MetalLookAndFeel [Metal, CrossPlatform] 
2021/06/24 10:14:21 INFO  - jmeter.JMeter: Loaded icon properties from org/apache/jmeter/images/icon.properties 
2021/06/24 10:14:22 INFO  - jmeter.engine.util.CompoundVariable: Note: Function class names must contain the string: '.functions.' 
2021/06/24 10:14:22 INFO  - jmeter.engine.util.CompoundVariable: Note: Function class names must not contain the string: '.gui.' 
2021/06/24 10:14:23 INFO  - jmeter.util.BSFTestElement: Registering JMeter version of JavaScript engine as work-round for BSF-22 
2021/06/24 10:14:24 INFO  - jmeter.protocol.http.sampler.HTTPSamplerBase: Cannot find .className property for htmlParser, using default 
2021/06/24 10:14:24 INFO  - jmeter.protocol.http.sampler.HTTPSamplerBase: Parser for text/html is  
2021/06/24 10:14:24 INFO  - jmeter.protocol.http.sampler.HTTPSamplerBase: Parser for application/xhtml+xml is  
2021/06/24 10:14:24 INFO  - jmeter.protocol.http.sampler.HTTPSamplerBase: Parser for application/xml is  
2021/06/24 10:14:24 INFO  - jmeter.protocol.http.sampler.HTTPSamplerBase: Parser for text/xml is  
2021/06/24 10:14:24 INFO  - jmeter.protocol.http.sampler.HTTPSamplerBase: Parser for text/vnd.wap.wml is org.apache.jmeter.protocol.http.parser.RegexpHTMLParser 
2021/06/24 10:14:24 INFO  - jmeter.gui.util.MenuFactory: Skipping org.apache.jmeter.protocol.http.modifier.gui.ParamModifierGui 
2021/06/24 10:14:24 INFO  - jorphan.exec.KeyToolUtils: keytool found at 'keytool' 
2021/06/24 10:14:24 INFO  - jmeter.protocol.http.proxy.ProxyControl: HTTP(S) Test Script Recorder SSL Proxy will use keys that support embedded 3rd party resources in file /usr/share/jmeter/bin/proxyserver.jks 
2021/06/24 10:14:24 INFO  - jmeter.samplers.SampleResult: Note: Sample TimeStamps are START times 
2021/06/24 10:14:24 INFO  - jmeter.samplers.SampleResult: sampleresult.default.encoding is set to ISO-8859-1 
2021/06/24 10:14:24 INFO  - jmeter.samplers.SampleResult: sampleresult.useNanoTime=true 
2021/06/24 10:14:24 INFO  - jmeter.samplers.SampleResult: sampleresult.nanoThreadSleep=5000 
2021/06/24 10:15:55 INFO  - jmeter.services.FileServer: Default base='/home/java/curso/curso-jvm/labs2' 
2021/06/24 10:16:08 INFO  - jmeter.gui.action.Load: Loading file: /home/java/curso/curso-jvm/labs2/test1.jmx 
2021/06/24 10:16:08 INFO  - jmeter.services.FileServer: Set new base='/home/java/curso/curso-jvm/labs2' 
2021/06/24 10:16:08 INFO  - jmeter.save.SaveService: Testplan (JMX) version: 2.2. Testlog (JTL) version: 2.2 
2021/06/24 10:16:08 INFO  - jmeter.save.SaveService: Using SaveService properties version 2.8 
2021/06/24 10:16:08 INFO  - jmeter.save.SaveService: Using SaveService properties file version 1656252 
2021/06/24 10:16:08 INFO  - jmeter.save.SaveService: Using SaveService properties file encoding UTF-8 
2021/06/24 10:16:08 INFO  - jmeter.save.SaveService: All converter versions present and correct 
2021/06/24 10:16:08 INFO  - jmeter.save.SaveService: Loading file: /home/java/curso/curso-jvm/labs2/test1.jmx 
2021/06/24 10:16:09 INFO  - jmeter.services.FileServer: Set new base='/home/java/curso/curso-jvm/labs2' 
2021/06/24 10:17:09 INFO  - jmeter.engine.StandardJMeterEngine: Listeners will be started after enabling running version 
2021/06/24 10:17:09 INFO  - jmeter.engine.StandardJMeterEngine: To revert to the earlier behaviour, define jmeterengine.startlistenerslater=false 
2021/06/24 10:17:09 INFO  - jmeter.engine.StandardJMeterEngine: Running the test! 
2021/06/24 10:17:09 INFO  - jmeter.samplers.SampleEvent: List of sample_variables: [] 
2021/06/24 10:17:09 INFO  - jmeter.samplers.SampleEvent: List of sample_variables: [] 
2021/06/24 10:17:09 INFO  - jmeter.gui.util.JMeterMenuBar: setRunning(true,*local*) 
2021/06/24 10:17:09 INFO  - jmeter.engine.StandardJMeterEngine: Starting ThreadGroup: 1 : usuarios 
2021/06/24 10:17:09 INFO  - jmeter.engine.StandardJMeterEngine: Starting 1 threads for group usuarios. 
2021/06/24 10:17:09 INFO  - jmeter.engine.StandardJMeterEngine: Thread will continue on error 
2021/06/24 10:17:09 INFO  - jmeter.threads.ThreadGroup: Starting thread group number 1 threads 1 ramp-up 1 perThread 1000.0 delayedStart=false 
2021/06/24 10:17:09 INFO  - jmeter.threads.JMeterThread: jmeterthread.startearlier=true (see jmeter.properties) 
2021/06/24 10:17:09 INFO  - jmeter.threads.JMeterThread: Running PostProcessors in forward order 
2021/06/24 10:17:09 INFO  - jmeter.threads.ThreadGroup: Started thread group number 1 
2021/06/24 10:17:09 INFO  - jmeter.engine.StandardJMeterEngine: All thread groups have been started 
2021/06/24 10:17:09 INFO  - jmeter.threads.JMeterThread: Thread started: usuarios 1-1 
2021/06/24 10:17:09 INFO  - jmeter.protocol.http.sampler.HTTPHCAbstractImpl: Local host = java-VirtualBox 
2021/06/24 10:17:09 INFO  - jmeter.protocol.http.sampler.HTTPHC4Impl: HTTP request retry count = 0 
2021/06/24 10:17:10 INFO  - jmeter.protocol.http.sampler.HTTPHC4Impl: Setting up HTTPS TrustAll scheme 
2021/06/24 10:17:10 INFO  - jmeter.util.JsseSSLManager: Using default SSL protocol: TLS 
2021/06/24 10:17:10 INFO  - jmeter.util.JsseSSLManager: SSL session context: per-thread 
2021/06/24 10:43:24 INFO  - jmeter.gui.action.Start: Stopping test 
2021/06/24 10:43:24 INFO  - jmeter.threads.JMeterThread: Stopping: usuarios 1-1 
2021/06/24 10:43:24 WARN  - jmeter.threads.JMeterThread: Interrupting: usuarios 1-1 sampler: Petición basica 
2021/06/24 10:43:24 WARN  - jmeter.util.JMeterUtils: Interrupted in thread usuarios 1-1 java.lang.InterruptedException
	at java.base/java.lang.Object.wait(Native Method)
	at java.base/java.lang.Object.wait(Object.java:328)
	at java.desktop/java.awt.EventQueue.invokeAndWait(EventQueue.java:1361)
	at java.desktop/java.awt.EventQueue.invokeAndWait(EventQueue.java:1342)
	at java.desktop/javax.swing.SwingUtilities.invokeAndWait(SwingUtilities.java:1480)
	at org.apache.jmeter.util.JMeterUtils.runSafe(JMeterUtils.java:1322)
	at org.apache.jmeter.visualizers.TableVisualizer.add(TableVisualizer.java:169)
	at org.apache.jmeter.reporters.ResultCollector.sendToVisualizer(ResultCollector.java:595)
	at org.apache.jmeter.reporters.ResultCollector.sampleOccurred(ResultCollector.java:571)
	at org.apache.jmeter.threads.ListenerNotifier.notifyListeners(ListenerNotifier.java:84)
	at org.apache.jmeter.threads.JMeterThread.notifyListeners(JMeterThread.java:796)
	at org.apache.jmeter.threads.JMeterThread.process_sampler(JMeterThread.java:456)
	at org.apache.jmeter.threads.JMeterThread.run(JMeterThread.java:261)
	at java.base/java.lang.Thread.run(Thread.java:829)

2021/06/24 10:43:24 INFO  - jmeter.threads.JMeterThread: Thread finished: usuarios 1-1 
2021/06/24 10:43:24 INFO  - jmeter.engine.StandardJMeterEngine: Notifying test listeners of end of test 
2021/06/24 10:43:24 INFO  - jmeter.gui.util.JMeterMenuBar: setRunning(false,*local*) 
